<<<<<<< HEAD
﻿  De.cpp
  Yahtzee.vcxproj -> C:\Users\Thibault\Desktop\Faculté\M1\COO\Projet\Yahtzee\Yahtzee\Debug\Yahtzee.exe
=======
﻿  Joueur.cpp
E:\Users\Bleomoon\Desktop\EVERYTHING\Cours\2021\Coo\Yahtzee\Yahtzee\Yahtzee\Joueur.cpp(142,20): warning C4018: '<=' : incompatibilité signed/unsigned
E:\Users\Bleomoon\Desktop\EVERYTHING\Cours\2021\Coo\Yahtzee\Yahtzee\Yahtzee\Joueur.cpp(147,24): warning C4018: '<=' : incompatibilité signed/unsigned
E:\Users\Bleomoon\Desktop\EVERYTHING\Cours\2021\Coo\Yahtzee\Yahtzee\Yahtzee\Joueur.cpp(189,23): warning C4018: '<' : incompatibilité signed/unsigned
E:\Users\Bleomoon\Desktop\EVERYTHING\Cours\2021\Coo\Yahtzee\Yahtzee\Yahtzee\Joueur.cpp(198,23): warning C4018: '<' : incompatibilité signed/unsigned
  Lancer.cpp
  Yahtzee_jeux.cpp
  Génération de code en cours...
E:\Users\Bleomoon\Desktop\EVERYTHING\Cours\2021\Coo\Yahtzee\Yahtzee\Yahtzee\Figures\Combinaison.h(54): warning C4715: 'Combinaison<1>::avoir_nom' : les chemins de contrôle ne retournent pas tous une valeur
E:\Users\Bleomoon\Desktop\EVERYTHING\Cours\2021\Coo\Yahtzee\Yahtzee\Yahtzee\Figures\Combinaison.h(54): warning C4715: 'Combinaison<2>::avoir_nom' : les chemins de contrôle ne retournent pas tous une valeur
E:\Users\Bleomoon\Desktop\EVERYTHING\Cours\2021\Coo\Yahtzee\Yahtzee\Yahtzee\Figures\Combinaison.h(54): warning C4715: 'Combinaison<3>::avoir_nom' : les chemins de contrôle ne retournent pas tous une valeur
E:\Users\Bleomoon\Desktop\EVERYTHING\Cours\2021\Coo\Yahtzee\Yahtzee\Yahtzee\Figures\Combinaison.h(54): warning C4715: 'Combinaison<4>::avoir_nom' : les chemins de contrôle ne retournent pas tous une valeur
E:\Users\Bleomoon\Desktop\EVERYTHING\Cours\2021\Coo\Yahtzee\Yahtzee\Yahtzee\Figures\Combinaison.h(54): warning C4715: 'Combinaison<5>::avoir_nom' : les chemins de contrôle ne retournent pas tous une valeur
E:\Users\Bleomoon\Desktop\EVERYTHING\Cours\2021\Coo\Yahtzee\Yahtzee\Yahtzee\Figures\Combinaison.h(54): warning C4715: 'Combinaison<6>::avoir_nom' : les chemins de contrôle ne retournent pas tous une valeur
  Yahtzee.vcxproj -> E:\Users\Bleomoon\Desktop\EVERYTHING\Cours\2021\Coo\Yahtzee\Yahtzee\Debug\Yahtzee.exe
>>>>>>> 714ec791ec963e57672a679a667bf1135799624f
