e:\users\bleomoon\desktop\everything\cours\2021\coo\yahtzee\yahtzee\yahtzee\debug\vc142.pdb
e:\users\bleomoon\desktop\everything\cours\2021\coo\yahtzee\yahtzee\yahtzee\debug\vc142.idb
e:\users\bleomoon\desktop\everything\cours\2021\coo\yahtzee\yahtzee\yahtzee\debug\yahtzee_game.obj
e:\users\bleomoon\desktop\everything\cours\2021\coo\yahtzee\yahtzee\yahtzee\debug\main.obj
e:\users\bleomoon\desktop\everything\cours\2021\coo\yahtzee\yahtzee\yahtzee\debug\lancer.obj
e:\users\bleomoon\desktop\everything\cours\2021\coo\yahtzee\yahtzee\yahtzee\debug\de.obj
e:\users\bleomoon\desktop\everything\cours\2021\coo\yahtzee\yahtzee\yahtzee\debug\joueur.obj
e:\users\bleomoon\desktop\everything\cours\2021\coo\yahtzee\yahtzee\yahtzee\debug\yahtzee.obj
e:\users\bleomoon\desktop\everything\cours\2021\coo\yahtzee\yahtzee\yahtzee\debug\petite_suite.obj
e:\users\bleomoon\desktop\everything\cours\2021\coo\yahtzee\yahtzee\yahtzee\debug\grande_suite.obj
e:\users\bleomoon\desktop\everything\cours\2021\coo\yahtzee\yahtzee\yahtzee\debug\full.obj
e:\users\bleomoon\desktop\everything\cours\2021\coo\yahtzee\yahtzee\yahtzee\debug\figure.obj
e:\users\bleomoon\desktop\everything\cours\2021\coo\yahtzee\yahtzee\yahtzee\debug\chance.obj
e:\users\bleomoon\desktop\everything\cours\2021\coo\yahtzee\yahtzee\yahtzee\debug\carre.obj
e:\users\bleomoon\desktop\everything\cours\2021\coo\yahtzee\yahtzee\yahtzee\debug\brelan.obj
e:\users\bleomoon\desktop\everything\cours\2021\coo\yahtzee\yahtzee\debug\yahtzee.exe
e:\users\bleomoon\desktop\everything\cours\2021\coo\yahtzee\yahtzee\yahtzee\debug\yahtzee.ilk
e:\users\bleomoon\desktop\everything\cours\2021\coo\yahtzee\yahtzee\debug\yahtzee.pdb
e:\users\bleomoon\desktop\everything\cours\2021\coo\yahtzee\yahtzee\yahtzee\debug\yahtzee.tlog\cl.command.1.tlog
e:\users\bleomoon\desktop\everything\cours\2021\coo\yahtzee\yahtzee\yahtzee\debug\yahtzee.tlog\cl.read.1.tlog
e:\users\bleomoon\desktop\everything\cours\2021\coo\yahtzee\yahtzee\yahtzee\debug\yahtzee.tlog\cl.write.1.tlog
e:\users\bleomoon\desktop\everything\cours\2021\coo\yahtzee\yahtzee\yahtzee\debug\yahtzee.tlog\link.command.1.tlog
e:\users\bleomoon\desktop\everything\cours\2021\coo\yahtzee\yahtzee\yahtzee\debug\yahtzee.tlog\link.read.1.tlog
e:\users\bleomoon\desktop\everything\cours\2021\coo\yahtzee\yahtzee\yahtzee\debug\yahtzee.tlog\link.write.1.tlog
